ncverilog(64): 15.20-s085: (c) Copyright 1995-2020 Cadence Design Systems, Inc.
TOOL:	ncverilog	15.20-s085: Started on Nov 30, 2021 at 14:15:58 IST
ncverilog
	+access+rw
	alu.v
	ctl.v
	sp.v
	sram.v
	top.v
SOFTINCLUDE $EMXHOME/emxinterface/cds.lib
|
ncverilog: *W,DLCVAR (/tools/cadence/IC/06.18.180/tools/dfII/local/cds.lib,13): cds.lib Invalid environment variable ''.
DEFINE Cadence_libs ./Cadence_libs
|
ncverilog: *W,DLCPTH (/tools/cadence/IC/06.18.180/tools/dfII/local/cds.lib,15): cds.lib Permission denied '/a/../../../tools/cadence/IC/06.18.180/tools/dfII/local/Cadence_libs' (cds.lib command ignored).
ASSIGN Cadence_libs COMBINE analogLib rfLib rfExamples ahdlLib passiveLib basic US_8ths
|
ncverilog: *W,DLCLIB (/tools/cadence/IC/06.18.180/tools/dfII/local/cds.lib,16): cds.lib Library not defined 'Cadence_libs' (cds.lib command ignored).
SOFTINCLUDE $EMXHOME/emxinterface/cds.lib
|
ncverilog: *W,DLCVAR (/tools/cadence/IC/06.18.180/tools/dfII/local/cds.lib,13): cds.lib Invalid environment variable ''.
DEFINE Cadence_libs ./Cadence_libs
|
ncverilog: *W,DLCPTH (/tools/cadence/IC/06.18.180/tools/dfII/local/cds.lib,15): cds.lib Permission denied '/tools/cadence/IC/06.18.180/tools/dfII/local/Cadence_libs' (cds.lib command ignored).
ASSIGN Cadence_libs COMBINE analogLib rfLib rfExamples ahdlLib passiveLib basic US_8ths
|
ncverilog: *W,DLCLIB (/tools/cadence/IC/06.18.180/tools/dfII/local/cds.lib,16): cds.lib Library not defined 'Cadence_libs' (cds.lib command ignored).
SOFTINCLUDE $EMXHOME/emxinterface/cds.lib
|
ncverilog: *W,DLCVAR (/tools/cadence/IC/06.18.180/tools/dfII/local/cds.lib,13): cds.lib Invalid environment variable ''.
DEFINE Cadence_libs ./Cadence_libs
|
ncverilog: *W,DLCPTH (/tools/cadence/IC/06.18.180/tools/dfII/local/cds.lib,15): cds.lib Permission denied '/tools/cadence/IC/06.18.180/tools/dfII/local/Cadence_libs' (cds.lib command ignored).
ASSIGN Cadence_libs COMBINE analogLib rfLib rfExamples ahdlLib passiveLib basic US_8ths
|
ncverilog: *W,DLCLIB (/tools/cadence/IC/06.18.180/tools/dfII/local/cds.lib,16): cds.lib Library not defined 'Cadence_libs' (cds.lib command ignored).
SOFTINCLUDE $EMXHOME/emxinterface/cds.lib
|
ncverilog: *W,DLCVAR (/tools/cadence/IC/06.18.180/tools/dfII/local/cds.lib,13): cds.lib Invalid environment variable ''.
DEFINE Cadence_libs ./Cadence_libs
|
ncverilog: *W,DLCPTH (/tools/cadence/IC/06.18.180/tools/dfII/local/cds.lib,15): cds.lib Permission denied '/a/../../../tools/cadence/IC/06.18.180/tools/dfII/local/Cadence_libs' (cds.lib command ignored).
ASSIGN Cadence_libs COMBINE analogLib rfLib rfExamples ahdlLib passiveLib basic US_8ths
|
ncverilog: *W,DLCLIB (/tools/cadence/IC/06.18.180/tools/dfII/local/cds.lib,16): cds.lib Library not defined 'Cadence_libs' (cds.lib command ignored).
Recompiling... reason: file './ctl.v' is newer than expected.
	expected: Tue Nov 30 12:25:40 2021
	actual:   Tue Nov 30 14:12:14 2021
SOFTINCLUDE $EMXHOME/emxinterface/cds.lib
|
ncverilog: *W,DLCVAR (/tools/cadence/IC/06.18.180/tools/dfII/local/cds.lib,13): cds.lib Invalid environment variable ''.
DEFINE Cadence_libs ./Cadence_libs
|
ncverilog: *W,DLCPTH (/tools/cadence/IC/06.18.180/tools/dfII/local/cds.lib,15): cds.lib Permission denied '/a/../../../tools/cadence/IC/06.18.180/tools/dfII/local/Cadence_libs' (cds.lib command ignored).
ASSIGN Cadence_libs COMBINE analogLib rfLib rfExamples ahdlLib passiveLib basic US_8ths
|
ncverilog: *W,DLCLIB (/tools/cadence/IC/06.18.180/tools/dfII/local/cds.lib,16): cds.lib Library not defined 'Cadence_libs' (cds.lib command ignored).
SOFTINCLUDE $EMXHOME/emxinterface/cds.lib
|
ncvlog: *W,DLCVAR (/tools/cadence/IC/06.18.180/tools/dfII/local/cds.lib,13): cds.lib Invalid environment variable ''.
DEFINE Cadence_libs ./Cadence_libs
|
ncvlog: *W,DLCPTH (/tools/cadence/IC/06.18.180/tools/dfII/local/cds.lib,15): cds.lib Permission denied '/a/../../../tools/cadence/IC/06.18.180/tools/dfII/local/Cadence_libs' (cds.lib command ignored).
ASSIGN Cadence_libs COMBINE analogLib rfLib rfExamples ahdlLib passiveLib basic US_8ths
|
ncvlog: *W,DLCLIB (/tools/cadence/IC/06.18.180/tools/dfII/local/cds.lib,16): cds.lib Library not defined 'Cadence_libs' (cds.lib command ignored).
file: ctl.v
	module worklib.CTL:v
		errors: 0, warnings: 0
	Total errors/warnings found outside modules and primitives:
		errors: 0, warnings: 3
SOFTINCLUDE $EMXHOME/emxinterface/cds.lib
|
ncverilog: *W,DLCVAR (/tools/cadence/IC/06.18.180/tools/dfII/local/cds.lib,13): cds.lib Invalid environment variable ''.
DEFINE Cadence_libs ./Cadence_libs
|
ncverilog: *W,DLCPTH (/tools/cadence/IC/06.18.180/tools/dfII/local/cds.lib,15): cds.lib Permission denied '/a/../../../tools/cadence/IC/06.18.180/tools/dfII/local/Cadence_libs' (cds.lib command ignored).
ASSIGN Cadence_libs COMBINE analogLib rfLib rfExamples ahdlLib passiveLib basic US_8ths
|
ncverilog: *W,DLCLIB (/tools/cadence/IC/06.18.180/tools/dfII/local/cds.lib,16): cds.lib Library not defined 'Cadence_libs' (cds.lib command ignored).
SOFTINCLUDE $EMXHOME/emxinterface/cds.lib
|
ncverilog: *W,DLCVAR (/tools/cadence/IC/06.18.180/tools/dfII/local/cds.lib,13): cds.lib Invalid environment variable ''.
DEFINE Cadence_libs ./Cadence_libs
|
ncverilog: *W,DLCPTH (/tools/cadence/IC/06.18.180/tools/dfII/local/cds.lib,15): cds.lib Permission denied '/a/../../../tools/cadence/IC/06.18.180/tools/dfII/local/Cadence_libs' (cds.lib command ignored).
ASSIGN Cadence_libs COMBINE analogLib rfLib rfExamples ahdlLib passiveLib basic US_8ths
|
ncverilog: *W,DLCLIB (/tools/cadence/IC/06.18.180/tools/dfII/local/cds.lib,16): cds.lib Library not defined 'Cadence_libs' (cds.lib command ignored).
SOFTINCLUDE $EMXHOME/emxinterface/cds.lib
|
ncelab: *W,DLCVAR (/tools/cadence/IC/06.18.180/tools/dfII/local/cds.lib,13): cds.lib Invalid environment variable ''.
DEFINE Cadence_libs ./Cadence_libs
|
ncelab: *W,DLCPTH (/tools/cadence/IC/06.18.180/tools/dfII/local/cds.lib,15): cds.lib Permission denied '/a/../../../tools/cadence/IC/06.18.180/tools/dfII/local/Cadence_libs' (cds.lib command ignored).
ASSIGN Cadence_libs COMBINE analogLib rfLib rfExamples ahdlLib passiveLib basic US_8ths
|
ncelab: *W,DLCLIB (/tools/cadence/IC/06.18.180/tools/dfII/local/cds.lib,16): cds.lib Library not defined 'Cadence_libs' (cds.lib command ignored).
		Caching library 'worklib' ....... Done
	Elaborating the design hierarchy:
	Building instance overlay tables: .................... Done
	Generating native compiled code:
SOFTINCLUDE $EMXHOME/emxinterface/cds.lib
|
ncvlog_cg: *W,DLCVAR (/tools/cadence/IC/06.18.180/tools/dfII/local/cds.lib,13): cds.lib Invalid environment variable ''.
DEFINE Cadence_libs ./Cadence_libs
|
ncvlog_cg: *W,DLCPTH (/tools/cadence/IC/06.18.180/tools/dfII/local/cds.lib,15): cds.lib Permission denied '/a/../../../tools/cadence/IC/06.18.180/tools/dfII/local/Cadence_libs' (cds.lib command ignored).
ASSIGN Cadence_libs COMBINE analogLib rfLib rfExamples ahdlLib passiveLib basic US_8ths
|
ncvlog_cg: *W,DLCLIB (/tools/cadence/IC/06.18.180/tools/dfII/local/cds.lib,16): cds.lib Library not defined 'Cadence_libs' (cds.lib command ignored).
		worklib.CTL:v <0x58efb438>
			streams:  26, words: 35989
	Building instance specific data structures.
	Loading native compiled code:     .................... Done
	Design hierarchy summary:
		              Instances  Unique
		Modules:              5       5
		Registers:           39      39
		Scalar wires:         5       -
		Vectored wires:       7       -
		Always blocks:        5       5
		Initial blocks:       2       2
		Pseudo assignments:   3       3
	Writing initial simulation snapshot: worklib.top:v
SOFTINCLUDE $EMXHOME/emxinterface/cds.lib
|
ncsim: *W,DLCVAR (/tools/cadence/IC/06.18.180/tools/dfII/local/cds.lib,13): cds.lib Invalid environment variable ''.
DEFINE Cadence_libs ./Cadence_libs
|
ncsim: *W,DLCPTH (/tools/cadence/IC/06.18.180/tools/dfII/local/cds.lib,15): cds.lib Permission denied '/a/../../../tools/cadence/IC/06.18.180/tools/dfII/local/Cadence_libs' (cds.lib command ignored).
ASSIGN Cadence_libs COMBINE analogLib rfLib rfExamples ahdlLib passiveLib basic US_8ths
|
ncsim: *W,DLCLIB (/tools/cadence/IC/06.18.180/tools/dfII/local/cds.lib,16): cds.lib Library not defined 'Cadence_libs' (cds.lib command ignored).
Loading snapshot worklib.top:v .................... Done
ncsim> source /tools/cadence/INCISIVE/15.20.085/tools/inca/files/ncsimrc
ncsim> run
time 110: read mem[0000] -> 00c10064
time 170: read mem[0001] -> 00810000
time 230: read mem[0002] -> 01810002
time 290: read mem[0003] -> 11030000
time 330: read mem[0064] -> 000000c8
time 350: read mem[0004] -> 014103e8
time 410: read mem[0005] -> 142c000a
time 470: read mem[0006] -> 17800000
time 480: read mem[03e8] -> 00000002
time 490: write xxxxxxxx -> mem[00c8]
time 500: read mem[03e9] -> 00000003
time 510: write 00000002 -> mem[00c9]
time 520: read mem[00c9] -> 00000002
time 530: read mem[0007] -> 12330000
time 540: read mem[03ea] -> 00000004
time 550: write 00000000 -> mem[00ca]
time 560: read mem[03eb] -> 00000005
time 570: write 00000004 -> mem[00cb]
time 580: read mem[0064] -> 000000c8
time 590: read mem[0008] -> 26160006
time 600: read mem[03ec] -> 00000006
time 610: write 00000000 -> mem[00cc]
time 620: read mem[03ed] -> 00000007
time 630: write 00000006 -> mem[00cd]
time 640: read mem[00cd] -> 00000006
time 650: read mem[0006] -> 17800000
time 660: read mem[03ee] -> 00000008
time 670: write 00000000 -> mem[00ce]
time 680: read mem[03ef] -> 00000000
time 690: write 00000008 -> mem[00cf]
time 700: read mem[00cf] -> 00000008
time 710: read mem[0007] -> 12330000
time 720: read mem[03f0] -> 00000000
time 730: write 00000000 -> mem[00d0]
time 740: read mem[03f1] -> 00000000
time 750: write 00000000 -> mem[00d1]
time 760: write 00000000 -> mem[0064]
time 770: read mem[0008] -> 26160006
time 830: read mem[0006] -> 17800000
time 890: read mem[0007] -> 12330000
time 940: write 00000000 -> mem[0064]
time 950: read mem[0008] -> 26160006
time 1010: read mem[0009] -> 30000000
Simulation complete via $finish(1) at time 1060 NS + 1
./ctl.v:331 							$finish;
ncsim> exit
TOOL:	ncverilog	15.20-s085: Exiting on Nov 30, 2021 at 14:15:59 IST  (total: 00:00:01)
