ncverilog(64): 15.20-s085: (c) Copyright 1995-2020 Cadence Design Systems, Inc.
TOOL:	ncverilog	15.20-s085: Started on Nov 16, 2021 at 09:30:21 IST
ncverilog
	+access+rw
	addsub_tb.v
	addsub.v
SOFTINCLUDE $EMXHOME/emxinterface/cds.lib
|
ncverilog: *W,DLCVAR (/tools/cadence/IC/06.18.180/tools/dfII/local/cds.lib,13): cds.lib Invalid environment variable ''.
DEFINE Cadence_libs ./Cadence_libs
|
ncverilog: *W,DLCPTH (/tools/cadence/IC/06.18.180/tools/dfII/local/cds.lib,15): cds.lib Permission denied '/a/../../../tools/cadence/IC/06.18.180/tools/dfII/local/Cadence_libs' (cds.lib command ignored).
ASSIGN Cadence_libs COMBINE analogLib rfLib rfExamples ahdlLib passiveLib basic US_8ths
|
ncverilog: *W,DLCLIB (/tools/cadence/IC/06.18.180/tools/dfII/local/cds.lib,16): cds.lib Library not defined 'Cadence_libs' (cds.lib command ignored).
SOFTINCLUDE $EMXHOME/emxinterface/cds.lib
|
ncverilog: *W,DLCVAR (/tools/cadence/IC/06.18.180/tools/dfII/local/cds.lib,13): cds.lib Invalid environment variable ''.
DEFINE Cadence_libs ./Cadence_libs
|
ncverilog: *W,DLCPTH (/tools/cadence/IC/06.18.180/tools/dfII/local/cds.lib,15): cds.lib Permission denied '/tools/cadence/IC/06.18.180/tools/dfII/local/Cadence_libs' (cds.lib command ignored).
ASSIGN Cadence_libs COMBINE analogLib rfLib rfExamples ahdlLib passiveLib basic US_8ths
|
ncverilog: *W,DLCLIB (/tools/cadence/IC/06.18.180/tools/dfII/local/cds.lib,16): cds.lib Library not defined 'Cadence_libs' (cds.lib command ignored).
SOFTINCLUDE $EMXHOME/emxinterface/cds.lib
|
ncverilog: *W,DLCVAR (/tools/cadence/IC/06.18.180/tools/dfII/local/cds.lib,13): cds.lib Invalid environment variable ''.
DEFINE Cadence_libs ./Cadence_libs
|
ncverilog: *W,DLCPTH (/tools/cadence/IC/06.18.180/tools/dfII/local/cds.lib,15): cds.lib Permission denied '/tools/cadence/IC/06.18.180/tools/dfII/local/Cadence_libs' (cds.lib command ignored).
ASSIGN Cadence_libs COMBINE analogLib rfLib rfExamples ahdlLib passiveLib basic US_8ths
|
ncverilog: *W,DLCLIB (/tools/cadence/IC/06.18.180/tools/dfII/local/cds.lib,16): cds.lib Library not defined 'Cadence_libs' (cds.lib command ignored).
SOFTINCLUDE $EMXHOME/emxinterface/cds.lib
|
ncverilog: *W,DLCVAR (/tools/cadence/IC/06.18.180/tools/dfII/local/cds.lib,13): cds.lib Invalid environment variable ''.
DEFINE Cadence_libs ./Cadence_libs
|
ncverilog: *W,DLCPTH (/tools/cadence/IC/06.18.180/tools/dfII/local/cds.lib,15): cds.lib Permission denied '/a/../../../tools/cadence/IC/06.18.180/tools/dfII/local/Cadence_libs' (cds.lib command ignored).
ASSIGN Cadence_libs COMBINE analogLib rfLib rfExamples ahdlLib passiveLib basic US_8ths
|
ncverilog: *W,DLCLIB (/tools/cadence/IC/06.18.180/tools/dfII/local/cds.lib,16): cds.lib Library not defined 'Cadence_libs' (cds.lib command ignored).
Recompiling... reason: file './addsub_tb.v' is newer than expected.
	expected: Tue Nov 16 09:26:59 2021
	actual:   Tue Nov 16 09:30:05 2021
SOFTINCLUDE $EMXHOME/emxinterface/cds.lib
|
ncverilog: *W,DLCVAR (/tools/cadence/IC/06.18.180/tools/dfII/local/cds.lib,13): cds.lib Invalid environment variable ''.
DEFINE Cadence_libs ./Cadence_libs
|
ncverilog: *W,DLCPTH (/tools/cadence/IC/06.18.180/tools/dfII/local/cds.lib,15): cds.lib Permission denied '/a/../../../tools/cadence/IC/06.18.180/tools/dfII/local/Cadence_libs' (cds.lib command ignored).
ASSIGN Cadence_libs COMBINE analogLib rfLib rfExamples ahdlLib passiveLib basic US_8ths
|
ncverilog: *W,DLCLIB (/tools/cadence/IC/06.18.180/tools/dfII/local/cds.lib,16): cds.lib Library not defined 'Cadence_libs' (cds.lib command ignored).
SOFTINCLUDE $EMXHOME/emxinterface/cds.lib
|
ncvlog: *W,DLCVAR (/tools/cadence/IC/06.18.180/tools/dfII/local/cds.lib,13): cds.lib Invalid environment variable ''.
DEFINE Cadence_libs ./Cadence_libs
|
ncvlog: *W,DLCPTH (/tools/cadence/IC/06.18.180/tools/dfII/local/cds.lib,15): cds.lib Permission denied '/a/../../../tools/cadence/IC/06.18.180/tools/dfII/local/Cadence_libs' (cds.lib command ignored).
ASSIGN Cadence_libs COMBINE analogLib rfLib rfExamples ahdlLib passiveLib basic US_8ths
|
ncvlog: *W,DLCLIB (/tools/cadence/IC/06.18.180/tools/dfII/local/cds.lib,16): cds.lib Library not defined 'Cadence_libs' (cds.lib command ignored).
file: addsub_tb.v
	module worklib.addsub_tb:v
		errors: 0, warnings: 0
	Total errors/warnings found outside modules and primitives:
		errors: 0, warnings: 3
SOFTINCLUDE $EMXHOME/emxinterface/cds.lib
|
ncverilog: *W,DLCVAR (/tools/cadence/IC/06.18.180/tools/dfII/local/cds.lib,13): cds.lib Invalid environment variable ''.
DEFINE Cadence_libs ./Cadence_libs
|
ncverilog: *W,DLCPTH (/tools/cadence/IC/06.18.180/tools/dfII/local/cds.lib,15): cds.lib Permission denied '/a/../../../tools/cadence/IC/06.18.180/tools/dfII/local/Cadence_libs' (cds.lib command ignored).
ASSIGN Cadence_libs COMBINE analogLib rfLib rfExamples ahdlLib passiveLib basic US_8ths
|
ncverilog: *W,DLCLIB (/tools/cadence/IC/06.18.180/tools/dfII/local/cds.lib,16): cds.lib Library not defined 'Cadence_libs' (cds.lib command ignored).
SOFTINCLUDE $EMXHOME/emxinterface/cds.lib
|
ncverilog: *W,DLCVAR (/tools/cadence/IC/06.18.180/tools/dfII/local/cds.lib,13): cds.lib Invalid environment variable ''.
DEFINE Cadence_libs ./Cadence_libs
|
ncverilog: *W,DLCPTH (/tools/cadence/IC/06.18.180/tools/dfII/local/cds.lib,15): cds.lib Permission denied '/a/../../../tools/cadence/IC/06.18.180/tools/dfII/local/Cadence_libs' (cds.lib command ignored).
ASSIGN Cadence_libs COMBINE analogLib rfLib rfExamples ahdlLib passiveLib basic US_8ths
|
ncverilog: *W,DLCLIB (/tools/cadence/IC/06.18.180/tools/dfII/local/cds.lib,16): cds.lib Library not defined 'Cadence_libs' (cds.lib command ignored).
SOFTINCLUDE $EMXHOME/emxinterface/cds.lib
|
ncelab: *W,DLCVAR (/tools/cadence/IC/06.18.180/tools/dfII/local/cds.lib,13): cds.lib Invalid environment variable ''.
DEFINE Cadence_libs ./Cadence_libs
|
ncelab: *W,DLCPTH (/tools/cadence/IC/06.18.180/tools/dfII/local/cds.lib,15): cds.lib Permission denied '/a/../../../tools/cadence/IC/06.18.180/tools/dfII/local/Cadence_libs' (cds.lib command ignored).
ASSIGN Cadence_libs COMBINE analogLib rfLib rfExamples ahdlLib passiveLib basic US_8ths
|
ncelab: *W,DLCLIB (/tools/cadence/IC/06.18.180/tools/dfII/local/cds.lib,16): cds.lib Library not defined 'Cadence_libs' (cds.lib command ignored).
		Caching library 'worklib' ....... Done
	Elaborating the design hierarchy:
	Building instance overlay tables: .................... Done
	Generating native compiled code:
SOFTINCLUDE $EMXHOME/emxinterface/cds.lib
|
ncvlog_cg: *W,DLCVAR (/tools/cadence/IC/06.18.180/tools/dfII/local/cds.lib,13): cds.lib Invalid environment variable ''.
DEFINE Cadence_libs ./Cadence_libs
|
ncvlog_cg: *W,DLCPTH (/tools/cadence/IC/06.18.180/tools/dfII/local/cds.lib,15): cds.lib Permission denied '/a/../../../tools/cadence/IC/06.18.180/tools/dfII/local/Cadence_libs' (cds.lib command ignored).
ASSIGN Cadence_libs COMBINE analogLib rfLib rfExamples ahdlLib passiveLib basic US_8ths
|
ncvlog_cg: *W,DLCLIB (/tools/cadence/IC/06.18.180/tools/dfII/local/cds.lib,16): cds.lib Library not defined 'Cadence_libs' (cds.lib command ignored).
		worklib.addsub_tb:v <0x5ea06188>
			streams:   5, words: 10232
	Building instance specific data structures.
	Loading native compiled code:     .................... Done
	Design hierarchy summary:
		              Instances  Unique
		Modules:              7       4
		Primitives:          24       3
		Registers:            8       8
		Scalar wires:         1       -
		Expanded wires:       8       2
		Vectored wires:       1       -
		Initial blocks:       1       1
		Cont. assignments:    1       1
		Pseudo assignments:   3       3
	Writing initial simulation snapshot: worklib.addsub_tb:v
SOFTINCLUDE $EMXHOME/emxinterface/cds.lib
|
ncsim: *W,DLCVAR (/tools/cadence/IC/06.18.180/tools/dfII/local/cds.lib,13): cds.lib Invalid environment variable ''.
DEFINE Cadence_libs ./Cadence_libs
|
ncsim: *W,DLCPTH (/tools/cadence/IC/06.18.180/tools/dfII/local/cds.lib,15): cds.lib Permission denied '/a/../../../tools/cadence/IC/06.18.180/tools/dfII/local/Cadence_libs' (cds.lib command ignored).
ASSIGN Cadence_libs COMBINE analogLib rfLib rfExamples ahdlLib passiveLib basic US_8ths
|
ncsim: *W,DLCLIB (/tools/cadence/IC/06.18.180/tools/dfII/local/cds.lib,16): cds.lib Library not defined 'Cadence_libs' (cds.lib command ignored).
Loading snapshot worklib.addsub_tb:v .................... Done
ncsim> source /tools/cadence/INCISIVE/15.20.085/tools/inca/files/ncsimrc
ncsim> run

Test subtraction mode.

Test addition mode.

Pass all test

Simulation complete via $finish(1) at time 1044 NS + 0
./addsub_tb.v:79 	#10 $finish;
ncsim> exit
TOOL:	ncverilog	15.20-s085: Exiting on Nov 16, 2021 at 09:30:22 IST  (total: 00:00:01)
