ncverilog(64): 15.20-s085: (c) Copyright 1995-2020 Cadence Design Systems, Inc.
TOOL:	ncverilog	15.20-s085: Started on Nov 16, 2021 at 09:15:46 IST
ncverilog
	+access+rw
	fulladder_tb.v
	fulladder.v
SOFTINCLUDE $EMXHOME/emxinterface/cds.lib
|
ncverilog: *W,DLCVAR (/tools/cadence/IC/06.18.180/tools/dfII/local/cds.lib,13): cds.lib Invalid environment variable ''.
DEFINE Cadence_libs ./Cadence_libs
|
ncverilog: *W,DLCPTH (/tools/cadence/IC/06.18.180/tools/dfII/local/cds.lib,15): cds.lib Permission denied '/a/../../../tools/cadence/IC/06.18.180/tools/dfII/local/Cadence_libs' (cds.lib command ignored).
ASSIGN Cadence_libs COMBINE analogLib rfLib rfExamples ahdlLib passiveLib basic US_8ths
|
ncverilog: *W,DLCLIB (/tools/cadence/IC/06.18.180/tools/dfII/local/cds.lib,16): cds.lib Library not defined 'Cadence_libs' (cds.lib command ignored).
SOFTINCLUDE $EMXHOME/emxinterface/cds.lib
|
ncverilog: *W,DLCVAR (/tools/cadence/IC/06.18.180/tools/dfII/local/cds.lib,13): cds.lib Invalid environment variable ''.
DEFINE Cadence_libs ./Cadence_libs
|
ncverilog: *W,DLCPTH (/tools/cadence/IC/06.18.180/tools/dfII/local/cds.lib,15): cds.lib Permission denied '/a/../../../tools/cadence/IC/06.18.180/tools/dfII/local/Cadence_libs' (cds.lib command ignored).
ASSIGN Cadence_libs COMBINE analogLib rfLib rfExamples ahdlLib passiveLib basic US_8ths
|
ncverilog: *W,DLCLIB (/tools/cadence/IC/06.18.180/tools/dfII/local/cds.lib,16): cds.lib Library not defined 'Cadence_libs' (cds.lib command ignored).
SOFTINCLUDE $EMXHOME/emxinterface/cds.lib
|
ncverilog: *W,DLCVAR (/tools/cadence/IC/06.18.180/tools/dfII/local/cds.lib,13): cds.lib Invalid environment variable ''.
DEFINE Cadence_libs ./Cadence_libs
|
ncverilog: *W,DLCPTH (/tools/cadence/IC/06.18.180/tools/dfII/local/cds.lib,15): cds.lib Permission denied '/tools/cadence/IC/06.18.180/tools/dfII/local/Cadence_libs' (cds.lib command ignored).
ASSIGN Cadence_libs COMBINE analogLib rfLib rfExamples ahdlLib passiveLib basic US_8ths
|
ncverilog: *W,DLCLIB (/tools/cadence/IC/06.18.180/tools/dfII/local/cds.lib,16): cds.lib Library not defined 'Cadence_libs' (cds.lib command ignored).
SOFTINCLUDE $EMXHOME/emxinterface/cds.lib
|
ncverilog: *W,DLCVAR (/tools/cadence/IC/06.18.180/tools/dfII/local/cds.lib,13): cds.lib Invalid environment variable ''.
DEFINE Cadence_libs ./Cadence_libs
|
ncverilog: *W,DLCPTH (/tools/cadence/IC/06.18.180/tools/dfII/local/cds.lib,15): cds.lib Permission denied '/tools/cadence/IC/06.18.180/tools/dfII/local/Cadence_libs' (cds.lib command ignored).
ASSIGN Cadence_libs COMBINE analogLib rfLib rfExamples ahdlLib passiveLib basic US_8ths
|
ncverilog: *W,DLCLIB (/tools/cadence/IC/06.18.180/tools/dfII/local/cds.lib,16): cds.lib Library not defined 'Cadence_libs' (cds.lib command ignored).
SOFTINCLUDE $EMXHOME/emxinterface/cds.lib
|
ncverilog: *W,DLCVAR (/tools/cadence/IC/06.18.180/tools/dfII/local/cds.lib,13): cds.lib Invalid environment variable ''.
DEFINE Cadence_libs ./Cadence_libs
|
ncverilog: *W,DLCPTH (/tools/cadence/IC/06.18.180/tools/dfII/local/cds.lib,15): cds.lib Permission denied '/a/../../../tools/cadence/IC/06.18.180/tools/dfII/local/Cadence_libs' (cds.lib command ignored).
ASSIGN Cadence_libs COMBINE analogLib rfLib rfExamples ahdlLib passiveLib basic US_8ths
|
ncverilog: *W,DLCLIB (/tools/cadence/IC/06.18.180/tools/dfII/local/cds.lib,16): cds.lib Library not defined 'Cadence_libs' (cds.lib command ignored).
SOFTINCLUDE $EMXHOME/emxinterface/cds.lib
|
ncvlog: *W,DLCVAR (/tools/cadence/IC/06.18.180/tools/dfII/local/cds.lib,13): cds.lib Invalid environment variable ''.
DEFINE Cadence_libs ./Cadence_libs
|
ncvlog: *W,DLCPTH (/tools/cadence/IC/06.18.180/tools/dfII/local/cds.lib,15): cds.lib Permission denied '/a/../../../tools/cadence/IC/06.18.180/tools/dfII/local/Cadence_libs' (cds.lib command ignored).
ASSIGN Cadence_libs COMBINE analogLib rfLib rfExamples ahdlLib passiveLib basic US_8ths
|
ncvlog: *W,DLCLIB (/tools/cadence/IC/06.18.180/tools/dfII/local/cds.lib,16): cds.lib Library not defined 'Cadence_libs' (cds.lib command ignored).
file: fulladder_tb.v
	module worklib.main:v
		errors: 0, warnings: 0
file: fulladder.v
	module worklib.fulladder:v
		errors: 0, warnings: 0
	Total errors/warnings found outside modules and primitives:
		errors: 0, warnings: 3
SOFTINCLUDE $EMXHOME/emxinterface/cds.lib
|
ncverilog: *W,DLCVAR (/tools/cadence/IC/06.18.180/tools/dfII/local/cds.lib,13): cds.lib Invalid environment variable ''.
DEFINE Cadence_libs ./Cadence_libs
|
ncverilog: *W,DLCPTH (/tools/cadence/IC/06.18.180/tools/dfII/local/cds.lib,15): cds.lib Permission denied '/a/../../../tools/cadence/IC/06.18.180/tools/dfII/local/Cadence_libs' (cds.lib command ignored).
ASSIGN Cadence_libs COMBINE analogLib rfLib rfExamples ahdlLib passiveLib basic US_8ths
|
ncverilog: *W,DLCLIB (/tools/cadence/IC/06.18.180/tools/dfII/local/cds.lib,16): cds.lib Library not defined 'Cadence_libs' (cds.lib command ignored).
SOFTINCLUDE $EMXHOME/emxinterface/cds.lib
|
ncverilog: *W,DLCVAR (/tools/cadence/IC/06.18.180/tools/dfII/local/cds.lib,13): cds.lib Invalid environment variable ''.
DEFINE Cadence_libs ./Cadence_libs
|
ncverilog: *W,DLCPTH (/tools/cadence/IC/06.18.180/tools/dfII/local/cds.lib,15): cds.lib Permission denied '/a/../../../tools/cadence/IC/06.18.180/tools/dfII/local/Cadence_libs' (cds.lib command ignored).
ASSIGN Cadence_libs COMBINE analogLib rfLib rfExamples ahdlLib passiveLib basic US_8ths
|
ncverilog: *W,DLCLIB (/tools/cadence/IC/06.18.180/tools/dfII/local/cds.lib,16): cds.lib Library not defined 'Cadence_libs' (cds.lib command ignored).
SOFTINCLUDE $EMXHOME/emxinterface/cds.lib
|
ncelab: *W,DLCVAR (/tools/cadence/IC/06.18.180/tools/dfII/local/cds.lib,13): cds.lib Invalid environment variable ''.
DEFINE Cadence_libs ./Cadence_libs
|
ncelab: *W,DLCPTH (/tools/cadence/IC/06.18.180/tools/dfII/local/cds.lib,15): cds.lib Permission denied '/a/../../../tools/cadence/IC/06.18.180/tools/dfII/local/Cadence_libs' (cds.lib command ignored).
ASSIGN Cadence_libs COMBINE analogLib rfLib rfExamples ahdlLib passiveLib basic US_8ths
|
ncelab: *W,DLCLIB (/tools/cadence/IC/06.18.180/tools/dfII/local/cds.lib,16): cds.lib Library not defined 'Cadence_libs' (cds.lib command ignored).
		Caching library 'worklib' ....... Done
	Elaborating the design hierarchy:
	Building instance overlay tables: .................... Done
	Generating native compiled code:
SOFTINCLUDE $EMXHOME/emxinterface/cds.lib
|
ncvlog_cg: *W,DLCVAR (/tools/cadence/IC/06.18.180/tools/dfII/local/cds.lib,13): cds.lib Invalid environment variable ''.
DEFINE Cadence_libs ./Cadence_libs
|
ncvlog_cg: *W,DLCPTH (/tools/cadence/IC/06.18.180/tools/dfII/local/cds.lib,15): cds.lib Permission denied '/a/../../../tools/cadence/IC/06.18.180/tools/dfII/local/Cadence_libs' (cds.lib command ignored).
ASSIGN Cadence_libs COMBINE analogLib rfLib rfExamples ahdlLib passiveLib basic US_8ths
|
ncvlog_cg: *W,DLCLIB (/tools/cadence/IC/06.18.180/tools/dfII/local/cds.lib,16): cds.lib Library not defined 'Cadence_libs' (cds.lib command ignored).
		worklib.main:v <0x1b4cd596>
			streams:   5, words:  9201
	Building instance specific data structures.
	Loading native compiled code:     .................... Done
	Design hierarchy summary:
		             Instances  Unique
		Modules:             2       2
		Primitives:          5       3
		Registers:           3       3
		Scalar wires:        3       -
		Initial blocks:      1       1
		Pseudo assignments:  3       3
	Writing initial simulation snapshot: worklib.main:v
SOFTINCLUDE $EMXHOME/emxinterface/cds.lib
|
ncsim: *W,DLCVAR (/tools/cadence/IC/06.18.180/tools/dfII/local/cds.lib,13): cds.lib Invalid environment variable ''.
DEFINE Cadence_libs ./Cadence_libs
|
ncsim: *W,DLCPTH (/tools/cadence/IC/06.18.180/tools/dfII/local/cds.lib,15): cds.lib Permission denied '/a/../../../tools/cadence/IC/06.18.180/tools/dfII/local/Cadence_libs' (cds.lib command ignored).
ASSIGN Cadence_libs COMBINE analogLib rfLib rfExamples ahdlLib passiveLib basic US_8ths
|
ncsim: *W,DLCLIB (/tools/cadence/IC/06.18.180/tools/dfII/local/cds.lib,16): cds.lib Library not defined 'Cadence_libs' (cds.lib command ignored).
Loading snapshot worklib.main:v .................... Done
ncsim> source /tools/cadence/INCISIVE/15.20.085/tools/inca/files/ncsimrc
ncsim> run
time=                   0: a 0, b 0, ci 0, sum 0, co 0

time=                  10: a 1, b 0, ci 0, sum 1, co 0

time=                  20: a 0, b 1, ci 0, sum 1, co 0

time=                  30: a 0, b 0, ci 1, sum 1, co 0

time=                  40: a 1, b 1, ci 0, sum 0, co 1

time=                  50: a 1, b 0, ci 1, sum 0, co 1

time=                  60: a 1, b 1, ci 1, sum 1, co 1

time=                  70: a 0, b 1, ci 1, sum 0, co 1

Simulation complete via $finish(1) at time 80 NS + 0
./fulladder_tb.v:27   	$finish;
ncsim> exit
TOOL:	ncverilog	15.20-s085: Exiting on Nov 16, 2021 at 09:15:47 IST  (total: 00:00:01)
