ncverilog(64): 15.20-s085: (c) Copyright 1995-2020 Cadence Design Systems, Inc.
TOOL:	ncverilog	15.20-s085: Started on Nov 16, 2021 at 09:38:49 IST
ncverilog
	+access+rw
	sat_count_tb.v
	sat_count.v
SOFTINCLUDE $EMXHOME/emxinterface/cds.lib
|
ncverilog: *W,DLCVAR (/tools/cadence/IC/06.18.180/tools/dfII/local/cds.lib,13): cds.lib Invalid environment variable ''.
DEFINE Cadence_libs ./Cadence_libs
|
ncverilog: *W,DLCPTH (/tools/cadence/IC/06.18.180/tools/dfII/local/cds.lib,15): cds.lib Permission denied '/a/../../../tools/cadence/IC/06.18.180/tools/dfII/local/Cadence_libs' (cds.lib command ignored).
ASSIGN Cadence_libs COMBINE analogLib rfLib rfExamples ahdlLib passiveLib basic US_8ths
|
ncverilog: *W,DLCLIB (/tools/cadence/IC/06.18.180/tools/dfII/local/cds.lib,16): cds.lib Library not defined 'Cadence_libs' (cds.lib command ignored).
SOFTINCLUDE $EMXHOME/emxinterface/cds.lib
|
ncverilog: *W,DLCVAR (/tools/cadence/IC/06.18.180/tools/dfII/local/cds.lib,13): cds.lib Invalid environment variable ''.
DEFINE Cadence_libs ./Cadence_libs
|
ncverilog: *W,DLCPTH (/tools/cadence/IC/06.18.180/tools/dfII/local/cds.lib,15): cds.lib Permission denied '/tools/cadence/IC/06.18.180/tools/dfII/local/Cadence_libs' (cds.lib command ignored).
ASSIGN Cadence_libs COMBINE analogLib rfLib rfExamples ahdlLib passiveLib basic US_8ths
|
ncverilog: *W,DLCLIB (/tools/cadence/IC/06.18.180/tools/dfII/local/cds.lib,16): cds.lib Library not defined 'Cadence_libs' (cds.lib command ignored).
SOFTINCLUDE $EMXHOME/emxinterface/cds.lib
|
ncverilog: *W,DLCVAR (/tools/cadence/IC/06.18.180/tools/dfII/local/cds.lib,13): cds.lib Invalid environment variable ''.
DEFINE Cadence_libs ./Cadence_libs
|
ncverilog: *W,DLCPTH (/tools/cadence/IC/06.18.180/tools/dfII/local/cds.lib,15): cds.lib Permission denied '/tools/cadence/IC/06.18.180/tools/dfII/local/Cadence_libs' (cds.lib command ignored).
ASSIGN Cadence_libs COMBINE analogLib rfLib rfExamples ahdlLib passiveLib basic US_8ths
|
ncverilog: *W,DLCLIB (/tools/cadence/IC/06.18.180/tools/dfII/local/cds.lib,16): cds.lib Library not defined 'Cadence_libs' (cds.lib command ignored).
SOFTINCLUDE $EMXHOME/emxinterface/cds.lib
|
ncverilog: *W,DLCVAR (/tools/cadence/IC/06.18.180/tools/dfII/local/cds.lib,13): cds.lib Invalid environment variable ''.
DEFINE Cadence_libs ./Cadence_libs
|
ncverilog: *W,DLCPTH (/tools/cadence/IC/06.18.180/tools/dfII/local/cds.lib,15): cds.lib Permission denied '/tools/cadence/IC/06.18.180/tools/dfII/local/Cadence_libs' (cds.lib command ignored).
ASSIGN Cadence_libs COMBINE analogLib rfLib rfExamples ahdlLib passiveLib basic US_8ths
|
ncverilog: *W,DLCLIB (/tools/cadence/IC/06.18.180/tools/dfII/local/cds.lib,16): cds.lib Library not defined 'Cadence_libs' (cds.lib command ignored).
SOFTINCLUDE $EMXHOME/emxinterface/cds.lib
|
ncverilog: *W,DLCVAR (/tools/cadence/IC/06.18.180/tools/dfII/local/cds.lib,13): cds.lib Invalid environment variable ''.
DEFINE Cadence_libs ./Cadence_libs
|
ncverilog: *W,DLCPTH (/tools/cadence/IC/06.18.180/tools/dfII/local/cds.lib,15): cds.lib Permission denied '/a/../../../tools/cadence/IC/06.18.180/tools/dfII/local/Cadence_libs' (cds.lib command ignored).
ASSIGN Cadence_libs COMBINE analogLib rfLib rfExamples ahdlLib passiveLib basic US_8ths
|
ncverilog: *W,DLCLIB (/tools/cadence/IC/06.18.180/tools/dfII/local/cds.lib,16): cds.lib Library not defined 'Cadence_libs' (cds.lib command ignored).
Recompiling... reason: file './sat_count_tb.v' is newer than expected.
	expected: Tue Nov  9 15:38:13 2021
	actual:   Tue Nov 16 09:38:27 2021
SOFTINCLUDE $EMXHOME/emxinterface/cds.lib
|
ncverilog: *W,DLCVAR (/tools/cadence/IC/06.18.180/tools/dfII/local/cds.lib,13): cds.lib Invalid environment variable ''.
DEFINE Cadence_libs ./Cadence_libs
|
ncverilog: *W,DLCPTH (/tools/cadence/IC/06.18.180/tools/dfII/local/cds.lib,15): cds.lib Permission denied '/a/../../../tools/cadence/IC/06.18.180/tools/dfII/local/Cadence_libs' (cds.lib command ignored).
ASSIGN Cadence_libs COMBINE analogLib rfLib rfExamples ahdlLib passiveLib basic US_8ths
|
ncverilog: *W,DLCLIB (/tools/cadence/IC/06.18.180/tools/dfII/local/cds.lib,16): cds.lib Library not defined 'Cadence_libs' (cds.lib command ignored).
SOFTINCLUDE $EMXHOME/emxinterface/cds.lib
|
ncvlog: *W,DLCVAR (/tools/cadence/IC/06.18.180/tools/dfII/local/cds.lib,13): cds.lib Invalid environment variable ''.
DEFINE Cadence_libs ./Cadence_libs
|
ncvlog: *W,DLCPTH (/tools/cadence/IC/06.18.180/tools/dfII/local/cds.lib,15): cds.lib Permission denied '/a/../../../tools/cadence/IC/06.18.180/tools/dfII/local/Cadence_libs' (cds.lib command ignored).
ASSIGN Cadence_libs COMBINE analogLib rfLib rfExamples ahdlLib passiveLib basic US_8ths
|
ncvlog: *W,DLCLIB (/tools/cadence/IC/06.18.180/tools/dfII/local/cds.lib,16): cds.lib Library not defined 'Cadence_libs' (cds.lib command ignored).
file: sat_count_tb.v
	module worklib.main:v
		errors: 0, warnings: 0
	Total errors/warnings found outside modules and primitives:
		errors: 0, warnings: 3
SOFTINCLUDE $EMXHOME/emxinterface/cds.lib
|
ncverilog: *W,DLCVAR (/tools/cadence/IC/06.18.180/tools/dfII/local/cds.lib,13): cds.lib Invalid environment variable ''.
DEFINE Cadence_libs ./Cadence_libs
|
ncverilog: *W,DLCPTH (/tools/cadence/IC/06.18.180/tools/dfII/local/cds.lib,15): cds.lib Permission denied '/a/../../../tools/cadence/IC/06.18.180/tools/dfII/local/Cadence_libs' (cds.lib command ignored).
ASSIGN Cadence_libs COMBINE analogLib rfLib rfExamples ahdlLib passiveLib basic US_8ths
|
ncverilog: *W,DLCLIB (/tools/cadence/IC/06.18.180/tools/dfII/local/cds.lib,16): cds.lib Library not defined 'Cadence_libs' (cds.lib command ignored).
SOFTINCLUDE $EMXHOME/emxinterface/cds.lib
|
ncverilog: *W,DLCVAR (/tools/cadence/IC/06.18.180/tools/dfII/local/cds.lib,13): cds.lib Invalid environment variable ''.
DEFINE Cadence_libs ./Cadence_libs
|
ncverilog: *W,DLCPTH (/tools/cadence/IC/06.18.180/tools/dfII/local/cds.lib,15): cds.lib Permission denied '/a/../../../tools/cadence/IC/06.18.180/tools/dfII/local/Cadence_libs' (cds.lib command ignored).
ASSIGN Cadence_libs COMBINE analogLib rfLib rfExamples ahdlLib passiveLib basic US_8ths
|
ncverilog: *W,DLCLIB (/tools/cadence/IC/06.18.180/tools/dfII/local/cds.lib,16): cds.lib Library not defined 'Cadence_libs' (cds.lib command ignored).
SOFTINCLUDE $EMXHOME/emxinterface/cds.lib
|
ncelab: *W,DLCVAR (/tools/cadence/IC/06.18.180/tools/dfII/local/cds.lib,13): cds.lib Invalid environment variable ''.
DEFINE Cadence_libs ./Cadence_libs
|
ncelab: *W,DLCPTH (/tools/cadence/IC/06.18.180/tools/dfII/local/cds.lib,15): cds.lib Permission denied '/a/../../../tools/cadence/IC/06.18.180/tools/dfII/local/Cadence_libs' (cds.lib command ignored).
ASSIGN Cadence_libs COMBINE analogLib rfLib rfExamples ahdlLib passiveLib basic US_8ths
|
ncelab: *W,DLCLIB (/tools/cadence/IC/06.18.180/tools/dfII/local/cds.lib,16): cds.lib Library not defined 'Cadence_libs' (cds.lib command ignored).
		Caching library 'worklib' ....... Done
	Elaborating the design hierarchy:
	Building instance overlay tables: .................... Done
	Generating native compiled code:
SOFTINCLUDE $EMXHOME/emxinterface/cds.lib
|
ncvlog_cg: *W,DLCVAR (/tools/cadence/IC/06.18.180/tools/dfII/local/cds.lib,13): cds.lib Invalid environment variable ''.
DEFINE Cadence_libs ./Cadence_libs
|
ncvlog_cg: *W,DLCPTH (/tools/cadence/IC/06.18.180/tools/dfII/local/cds.lib,15): cds.lib Permission denied '/a/../../../tools/cadence/IC/06.18.180/tools/dfII/local/Cadence_libs' (cds.lib command ignored).
ASSIGN Cadence_libs COMBINE analogLib rfLib rfExamples ahdlLib passiveLib basic US_8ths
|
ncvlog_cg: *W,DLCLIB (/tools/cadence/IC/06.18.180/tools/dfII/local/cds.lib,16): cds.lib Library not defined 'Cadence_libs' (cds.lib command ignored).
		worklib.main:v <0x58795b93>
			streams:   6, words:  8341
	Building instance specific data structures.
	Loading native compiled code:     .................... Done
	Design hierarchy summary:
		              Instances  Unique
		Modules:              8       5
		Primitives:          24       3
		Registers:            9       9
		Scalar wires:         6       -
		Expanded wires:       8       2
		Always blocks:        2       2
		Initial blocks:       3       3
		Cont. assignments:    1       1
		Pseudo assignments:   7       7
	Writing initial simulation snapshot: worklib.main:v
SOFTINCLUDE $EMXHOME/emxinterface/cds.lib
|
ncsim: *W,DLCVAR (/tools/cadence/IC/06.18.180/tools/dfII/local/cds.lib,13): cds.lib Invalid environment variable ''.
DEFINE Cadence_libs ./Cadence_libs
|
ncsim: *W,DLCPTH (/tools/cadence/IC/06.18.180/tools/dfII/local/cds.lib,15): cds.lib Permission denied '/a/../../../tools/cadence/IC/06.18.180/tools/dfII/local/Cadence_libs' (cds.lib command ignored).
ASSIGN Cadence_libs COMBINE analogLib rfLib rfExamples ahdlLib passiveLib basic US_8ths
|
ncsim: *W,DLCLIB (/tools/cadence/IC/06.18.180/tools/dfII/local/cds.lib,16): cds.lib Library not defined 'Cadence_libs' (cds.lib command ignored).
Loading snapshot worklib.main:v .................... Done
ncsim> source /tools/cadence/INCISIVE/15.20.085/tools/inca/files/ncsimrc
ncsim> run
PASS first test
PASS second test
PASS third test
PASS fourth test
PASSED ALL TESTS
Simulation complete via $finish(1) at time 200 NS + 0
./sat_count_tb.v:91     $finish;
ncsim> exit
TOOL:	ncverilog	15.20-s085: Exiting on Nov 16, 2021 at 09:38:50 IST  (total: 00:00:01)
